<?xml version="1.0" encoding="UTF-8"?>
<testsuite name="범위가 벗어난 년도가 입력된 경우 테스트" tests="4" skipped="0" failures="0" errors="0" timestamp="2022-07-29T07:46:56" hostname="MacBook-Pro.local" time="0.074">
  <properties/>
  <testcase name="-2000은 범위가 벗어났다" classname="prac.LeapYearTest$WhenInvalidYearIsEntered" time="0.057"/>
  <testcase name="12000은 범위가 벗어났다" classname="prac.LeapYearTest$WhenInvalidYearIsEntered" time="0.006"/>
  <testcase name="0은 범위가 벗어났다" classname="prac.LeapYearTest$WhenInvalidYearIsEntered" time="0.001"/>
  <testcase name="10010은 범위가 벗어났다" classname="prac.LeapYearTest$WhenInvalidYearIsEntered" time="0.001"/>
  <system-out><![CDATA[]]></system-out>
  <system-err><![CDATA[]]></system-err>
</testsuite>
